<?xml version="1.0" encoding="UTF-8"?>
<!DOCTYPE html PUBLIC "-//W3C//DTD XHTML 1.0 Strict//EN" "http://www.w3.org/TR/xhtml1/DTD/xhtml1-strict.dtd">
<html xmlns="http://www.w3.org/1999/xhtml">
<head>
    <title>Tpshop商城自动化测试报告</title>
    <meta name="generator" content="HTMLTestRunner 0.8.2"/>
    <meta http-equiv="Content-Type" content="text/html; charset=UTF-8"/>
    
<style type="text/css" media="screen">
body        { font-family: verdana, arial, helvetica, sans-serif; font-size: 80%; }
table       { font-size: 100%; }
pre         { }

/* -- heading ---------------------------------------------------------------------- */
h1 {
	font-size: 16pt;
	color: gray;
}
.heading {
    margin-top: 0ex;
    margin-bottom: 1ex;
}

.heading .attribute {
    margin-top: 1ex;
    margin-bottom: 0;
}

.heading .description {
    margin-top: 4ex;
    margin-bottom: 6ex;
}

/* -- css div popup ------------------------------------------------------------------------ */
a.popup_link {
}

a.popup_link:hover {
    color: red;
}

.popup_window {
    display: none;
    position: relative;
    left: 0px;
    top: 0px;
    /*border: solid #627173 1px; */
    padding: 10px;
    background-color: #E6E6D6;
    font-family: "Lucida Console", "Courier New", Courier, monospace;
    text-align: left;
    font-size: 8pt;
    width: 500px;
}

}
/* -- report ------------------------------------------------------------------------ */
#show_detail_line {
    margin-top: 3ex;
    margin-bottom: 1ex;
}
#result_table {
    width: 80%;
    border-collapse: collapse;
    border: 1px solid #777;
}
#header_row {
    font-weight: bold;
    color: white;
    background-color: #777;
}
#result_table td {
    border: 1px solid #777;
    padding: 2px;
}
#total_row  { font-weight: bold; }
.passClass  { background-color: #6c6; }
.failClass  { background-color: #c60; }
.errorClass { background-color: #c00; }
.passCase   { color: #6c6; }
.failCase   { color: #c60; font-weight: bold; }
.errorCase  { color: #c00; font-weight: bold; }
.hiddenRow  { display: none; }
.testcase   { margin-left: 2em; }


/* -- ending ---------------------------------------------------------------------- */
#ending {
}

</style>

</head>
<body>
<script language="javascript" type="text/javascript"><!--
output_list = Array();

/* level - 0:Summary; 1:Failed; 2:All */
function showCase(level) {
    trs = document.getElementsByTagName("tr");
    for (var i = 0; i < trs.length; i++) {
        tr = trs[i];
        id = tr.id;
        if (id.substr(0,2) == 'ft') {
            if (level < 1) {
                tr.className = 'hiddenRow';
            }
            else {
                tr.className = '';
            }
        }
        if (id.substr(0,2) == 'pt') {
            if (level > 1) {
                tr.className = '';
            }
            else {
                tr.className = 'hiddenRow';
            }
        }
    }
}


function showClassDetail(cid, count) {
    var id_list = Array(count);
    var toHide = 1;
    for (var i = 0; i < count; i++) {
        tid0 = 't' + cid.substr(1) + '.' + (i+1);
        tid = 'f' + tid0;
        tr = document.getElementById(tid);
        if (!tr) {
            tid = 'p' + tid0;
            tr = document.getElementById(tid);
        }
        id_list[i] = tid;
        if (tr.className) {
            toHide = 0;
        }
    }
    for (var i = 0; i < count; i++) {
        tid = id_list[i];
        if (toHide) {
            document.getElementById('div_'+tid).style.display = 'none'
            document.getElementById(tid).className = 'hiddenRow';
        }
        else {
            document.getElementById(tid).className = '';
        }
    }
}


function showTestDetail(div_id){
    var details_div = document.getElementById(div_id)
    var displayState = details_div.style.display
    // alert(displayState)
    if (displayState != 'block' ) {
        displayState = 'block'
        details_div.style.display = 'block'
    }
    else {
        details_div.style.display = 'none'
    }
}


function html_escape(s) {
    s = s.replace(/&/g,'&amp;');
    s = s.replace(/</g,'&lt;');
    s = s.replace(/>/g,'&gt;');
    return s;
}

/* obsoleted by detail in <div>
function showOutput(id, name) {
    var w = window.open("", //url
                    name,
                    "resizable,scrollbars,status,width=800,height=450");
    d = w.document;
    d.write("<pre>");
    d.write(html_escape(output_list[id]));
    d.write("\n");
    d.write("<a href='javascript:window.close()'>close</a>\n");
    d.write("</pre>\n");
    d.close();
}
*/
--></script>

<div class='heading'>
<h1>Tpshop商城自动化测试报告</h1>
<p class='attribute'><strong>Start Time:</strong> 2021-04-15 22:35:25</p>
<p class='attribute'><strong>Duration:</strong> 0:00:00.080023</p>
<p class='attribute'><strong>Status:</strong> Error 4</p>

<p class='description'>操作系统：win7</p>
</div>



<p id='show_detail_line'>Show
<a href='javascript:showCase(0)'>Summary</a>
<a href='javascript:showCase(1)'>Failed</a>
<a href='javascript:showCase(2)'>All</a>
</p>
<table id='result_table'>
<colgroup>
<col align='left' />
<col align='right' />
<col align='right' />
<col align='right' />
<col align='right' />
<col align='right' />
</colgroup>
<tr id='header_row'>
    <td>Test Group/Test case</td>
    <td>Count</td>
    <td>Pass</td>
    <td>Fail</td>
    <td>Error</td>
    <td>View</td>
</tr>

<tr class='errorClass'>
    <td>unittest.loader._FailedTest</td>
    <td>1</td>
    <td>0</td>
    <td>0</td>
    <td>1</td>
    <td><a href="javascript:showClassDetail('c1',1)">Detail</a></td>
</tr>

<tr id='ft1.1' class='none'>
    <td class='errorCase'><div class='testcase'>test01_login</div></td>
    <td colspan='5' align='center'>

    <!--css div popup start-->
    <a class="popup_link" onfocus='this.blur();' href="javascript:showTestDetail('div_ft1.1')" >
        error</a>

    <div id='div_ft1.1' class="popup_window">
        <div style='text-align: right; color:red;cursor:pointer'>
        <a onfocus='this.blur();' onclick="document.getElementById('div_ft1.1').style.display = 'none' " >
           [x]</a>
        </div>
        <pre>
        
ft1.1: ImportError: Failed to import test module: test01_login
Traceback (most recent call last):
  File "C:\Python\Python36\lib\unittest\loader.py", line 428, in _find_test_path
    module = self._get_module_from_name(name)
  File "C:\Python\Python36\lib\unittest\loader.py", line 369, in _get_module_from_name
    __import__(name)
  File "D:\BaiduNetdiskDownload\软件测试全套课程\02-配套课件\阶段5：WEB自动化测试\代码\day10\scripts\test01_login.py", line 4, in &lt;module&gt;
    from page.page_login import PageLogin
  File "D:\BaiduNetdiskDownload\软件测试全套课程\02-配套课件\阶段5：WEB自动化测试\代码\day10\page\page_login.py", line 1, in &lt;module&gt;
    from base.base import Base
  File "D:\BaiduNetdiskDownload\软件测试全套课程\02-配套课件\阶段5：WEB自动化测试\代码\day10\base\base.py", line 10, in &lt;module&gt;
    log = GetLogger().get_logger()
  File "D:\BaiduNetdiskDownload\软件测试全套课程\02-配套课件\阶段5：WEB自动化测试\代码\day10\base\get_logger.py", line 25, in get_logger
    encoding="utf-8")
  File "C:\Python\Python36\lib\logging\handlers.py", line 202, in __init__
    BaseRotatingHandler.__init__(self, filename, 'a', encoding, delay)
  File "C:\Python\Python36\lib\logging\handlers.py", line 57, in __init__
    logging.FileHandler.__init__(self, filename, mode, encoding, delay)
  File "C:\Python\Python36\lib\logging\__init__.py", line 1032, in __init__
    StreamHandler.__init__(self, self._open())
  File "C:\Python\Python36\lib\logging\__init__.py", line 1061, in _open
    return open(self.baseFilename, self.mode, encoding=self.encoding)
FileNotFoundError: [Errno 2] No such file or directory: 'D:\\BaiduNetdiskDownload\\软件测试全套课程\\02-配套课件\\阶段5：WEB自动化测试\\代码\\log\\tpshop.log'

ImportError: Failed to import test module: test01_login
Traceback (most recent call last):
  File "C:\Python\Python36\lib\unittest\loader.py", line 428, in _find_test_path
    module = self._get_module_from_name(name)
  File "C:\Python\Python36\lib\unittest\loader.py", line 369, in _get_module_from_name
    __import__(name)
  File "D:\BaiduNetdiskDownload\软件测试全套课程\02-配套课件\阶段5：WEB自动化测试\代码\day10\scripts\test01_login.py", line 4, in &lt;module&gt;
    from page.page_login import PageLogin
  File "D:\BaiduNetdiskDownload\软件测试全套课程\02-配套课件\阶段5：WEB自动化测试\代码\day10\page\page_login.py", line 1, in &lt;module&gt;
    from base.base import Base
  File "D:\BaiduNetdiskDownload\软件测试全套课程\02-配套课件\阶段5：WEB自动化测试\代码\day10\base\base.py", line 10, in &lt;module&gt;
    log = GetLogger().get_logger()
  File "D:\BaiduNetdiskDownload\软件测试全套课程\02-配套课件\阶段5：WEB自动化测试\代码\day10\base\get_logger.py", line 25, in get_logger
    encoding="utf-8")
  File "C:\Python\Python36\lib\logging\handlers.py", line 202, in __init__
    BaseRotatingHandler.__init__(self, filename, 'a', encoding, delay)
  File "C:\Python\Python36\lib\logging\handlers.py", line 57, in __init__
    logging.FileHandler.__init__(self, filename, mode, encoding, delay)
  File "C:\Python\Python36\lib\logging\__init__.py", line 1032, in __init__
    StreamHandler.__init__(self, self._open())
  File "C:\Python\Python36\lib\logging\__init__.py", line 1061, in _open
    return open(self.baseFilename, self.mode, encoding=self.encoding)
FileNotFoundError: [Errno 2] No such file or directory: 'D:\\BaiduNetdiskDownload\\软件测试全套课程\\02-配套课件\\阶段5：WEB自动化测试\\代码\\log\\tpshop.log'



        </pre>
    </div>
    <!--css div popup end-->

    </td>
</tr>

<tr class='errorClass'>
    <td>test02_cart.TestCart</td>
    <td>1</td>
    <td>0</td>
    <td>0</td>
    <td>1</td>
    <td><a href="javascript:showClassDetail('c2',1)">Detail</a></td>
</tr>

<tr id='ft2.1' class='none'>
    <td class='errorCase'><div class='testcase'>test_add_cart</div></td>
    <td colspan='5' align='center'>

    <!--css div popup start-->
    <a class="popup_link" onfocus='this.blur();' href="javascript:showTestDetail('div_ft2.1')" >
        error</a>

    <div id='div_ft2.1' class="popup_window">
        <div style='text-align: right; color:red;cursor:pointer'>
        <a onfocus='this.blur();' onclick="document.getElementById('div_ft2.1').style.display = 'none' " >
           [x]</a>
        </div>
        <pre>
        
ft2.1: Traceback (most recent call last):
  File "C:\Python\Python36\lib\site-packages\selenium\webdriver\common\service.py", line 76, in start
    stdin=PIPE)
  File "C:\Python\Python36\lib\subprocess.py", line 729, in __init__
    restore_signals, start_new_session)
  File "C:\Python\Python36\lib\subprocess.py", line 1017, in _execute_child
    startupinfo)
FileNotFoundError: [WinError 2] 系统找不到指定的文件。

During handling of the above exception, another exception occurred:

Traceback (most recent call last):
  File "D:\BaiduNetdiskDownload\软件测试全套课程\02-配套课件\阶段5：WEB自动化测试\代码\day10\scripts\test02_cart.py", line 14, in setUp
    self.driver = GetDriver().get_driver()
  File "D:\BaiduNetdiskDownload\软件测试全套课程\02-配套课件\阶段5：WEB自动化测试\代码\day10\base\get_driver.py", line 13, in get_driver
    cls.driver = webdriver.Firefox()
  File "C:\Python\Python36\lib\site-packages\selenium\webdriver\firefox\webdriver.py", line 164, in __init__
    self.service.start()
  File "C:\Python\Python36\lib\site-packages\selenium\webdriver\common\service.py", line 83, in start
    os.path.basename(self.path), self.start_error_message)
selenium.common.exceptions.WebDriverException: Message: 'geckodriver' executable needs to be in PATH. 

Traceback (most recent call last):
  File "C:\Python\Python36\lib\site-packages\selenium\webdriver\common\service.py", line 76, in start
    stdin=PIPE)
  File "C:\Python\Python36\lib\subprocess.py", line 729, in __init__
    restore_signals, start_new_session)
  File "C:\Python\Python36\lib\subprocess.py", line 1017, in _execute_child
    startupinfo)
FileNotFoundError: [WinError 2] 系统找不到指定的文件。

During handling of the above exception, another exception occurred:

Traceback (most recent call last):
  File "D:\BaiduNetdiskDownload\软件测试全套课程\02-配套课件\阶段5：WEB自动化测试\代码\day10\scripts\test02_cart.py", line 14, in setUp
    self.driver = GetDriver().get_driver()
  File "D:\BaiduNetdiskDownload\软件测试全套课程\02-配套课件\阶段5：WEB自动化测试\代码\day10\base\get_driver.py", line 13, in get_driver
    cls.driver = webdriver.Firefox()
  File "C:\Python\Python36\lib\site-packages\selenium\webdriver\firefox\webdriver.py", line 164, in __init__
    self.service.start()
  File "C:\Python\Python36\lib\site-packages\selenium\webdriver\common\service.py", line 83, in start
    os.path.basename(self.path), self.start_error_message)
selenium.common.exceptions.WebDriverException: Message: 'geckodriver' executable needs to be in PATH. 



        </pre>
    </div>
    <!--css div popup end-->

    </td>
</tr>

<tr class='errorClass'>
    <td>test03_order.TestOrder</td>
    <td>1</td>
    <td>0</td>
    <td>0</td>
    <td>1</td>
    <td><a href="javascript:showClassDetail('c3',1)">Detail</a></td>
</tr>

<tr id='ft3.1' class='none'>
    <td class='errorCase'><div class='testcase'>test_order</div></td>
    <td colspan='5' align='center'>

    <!--css div popup start-->
    <a class="popup_link" onfocus='this.blur();' href="javascript:showTestDetail('div_ft3.1')" >
        error</a>

    <div id='div_ft3.1' class="popup_window">
        <div style='text-align: right; color:red;cursor:pointer'>
        <a onfocus='this.blur();' onclick="document.getElementById('div_ft3.1').style.display = 'none' " >
           [x]</a>
        </div>
        <pre>
        
ft3.1: Traceback (most recent call last):
  File "C:\Python\Python36\lib\site-packages\selenium\webdriver\common\service.py", line 76, in start
    stdin=PIPE)
  File "C:\Python\Python36\lib\subprocess.py", line 729, in __init__
    restore_signals, start_new_session)
  File "C:\Python\Python36\lib\subprocess.py", line 1017, in _execute_child
    startupinfo)
FileNotFoundError: [WinError 2] 系统找不到指定的文件。

During handling of the above exception, another exception occurred:

Traceback (most recent call last):
  File "D:\BaiduNetdiskDownload\软件测试全套课程\02-配套课件\阶段5：WEB自动化测试\代码\day10\scripts\test03_order.py", line 16, in setUp
    self.driver = GetDriver().get_driver()
  File "D:\BaiduNetdiskDownload\软件测试全套课程\02-配套课件\阶段5：WEB自动化测试\代码\day10\base\get_driver.py", line 13, in get_driver
    cls.driver = webdriver.Firefox()
  File "C:\Python\Python36\lib\site-packages\selenium\webdriver\firefox\webdriver.py", line 164, in __init__
    self.service.start()
  File "C:\Python\Python36\lib\site-packages\selenium\webdriver\common\service.py", line 83, in start
    os.path.basename(self.path), self.start_error_message)
selenium.common.exceptions.WebDriverException: Message: 'geckodriver' executable needs to be in PATH. 

Traceback (most recent call last):
  File "C:\Python\Python36\lib\site-packages\selenium\webdriver\common\service.py", line 76, in start
    stdin=PIPE)
  File "C:\Python\Python36\lib\subprocess.py", line 729, in __init__
    restore_signals, start_new_session)
  File "C:\Python\Python36\lib\subprocess.py", line 1017, in _execute_child
    startupinfo)
FileNotFoundError: [WinError 2] 系统找不到指定的文件。

During handling of the above exception, another exception occurred:

Traceback (most recent call last):
  File "D:\BaiduNetdiskDownload\软件测试全套课程\02-配套课件\阶段5：WEB自动化测试\代码\day10\scripts\test03_order.py", line 16, in setUp
    self.driver = GetDriver().get_driver()
  File "D:\BaiduNetdiskDownload\软件测试全套课程\02-配套课件\阶段5：WEB自动化测试\代码\day10\base\get_driver.py", line 13, in get_driver
    cls.driver = webdriver.Firefox()
  File "C:\Python\Python36\lib\site-packages\selenium\webdriver\firefox\webdriver.py", line 164, in __init__
    self.service.start()
  File "C:\Python\Python36\lib\site-packages\selenium\webdriver\common\service.py", line 83, in start
    os.path.basename(self.path), self.start_error_message)
selenium.common.exceptions.WebDriverException: Message: 'geckodriver' executable needs to be in PATH. 



        </pre>
    </div>
    <!--css div popup end-->

    </td>
</tr>

<tr class='errorClass'>
    <td>test04_pay.TestPay</td>
    <td>1</td>
    <td>0</td>
    <td>0</td>
    <td>1</td>
    <td><a href="javascript:showClassDetail('c4',1)">Detail</a></td>
</tr>

<tr id='ft4.1' class='none'>
    <td class='errorCase'><div class='testcase'>test_pay</div></td>
    <td colspan='5' align='center'>

    <!--css div popup start-->
    <a class="popup_link" onfocus='this.blur();' href="javascript:showTestDetail('div_ft4.1')" >
        error</a>

    <div id='div_ft4.1' class="popup_window">
        <div style='text-align: right; color:red;cursor:pointer'>
        <a onfocus='this.blur();' onclick="document.getElementById('div_ft4.1').style.display = 'none' " >
           [x]</a>
        </div>
        <pre>
        
ft4.1: Traceback (most recent call last):
  File "C:\Python\Python36\lib\site-packages\selenium\webdriver\common\service.py", line 76, in start
    stdin=PIPE)
  File "C:\Python\Python36\lib\subprocess.py", line 729, in __init__
    restore_signals, start_new_session)
  File "C:\Python\Python36\lib\subprocess.py", line 1017, in _execute_child
    startupinfo)
FileNotFoundError: [WinError 2] 系统找不到指定的文件。

During handling of the above exception, another exception occurred:

Traceback (most recent call last):
  File "D:\BaiduNetdiskDownload\软件测试全套课程\02-配套课件\阶段5：WEB自动化测试\代码\day10\scripts\test04_pay.py", line 16, in setUp
    self.driver = GetDriver().get_driver()
  File "D:\BaiduNetdiskDownload\软件测试全套课程\02-配套课件\阶段5：WEB自动化测试\代码\day10\base\get_driver.py", line 13, in get_driver
    cls.driver = webdriver.Firefox()
  File "C:\Python\Python36\lib\site-packages\selenium\webdriver\firefox\webdriver.py", line 164, in __init__
    self.service.start()
  File "C:\Python\Python36\lib\site-packages\selenium\webdriver\common\service.py", line 83, in start
    os.path.basename(self.path), self.start_error_message)
selenium.common.exceptions.WebDriverException: Message: 'geckodriver' executable needs to be in PATH. 

Traceback (most recent call last):
  File "C:\Python\Python36\lib\site-packages\selenium\webdriver\common\service.py", line 76, in start
    stdin=PIPE)
  File "C:\Python\Python36\lib\subprocess.py", line 729, in __init__
    restore_signals, start_new_session)
  File "C:\Python\Python36\lib\subprocess.py", line 1017, in _execute_child
    startupinfo)
FileNotFoundError: [WinError 2] 系统找不到指定的文件。

During handling of the above exception, another exception occurred:

Traceback (most recent call last):
  File "D:\BaiduNetdiskDownload\软件测试全套课程\02-配套课件\阶段5：WEB自动化测试\代码\day10\scripts\test04_pay.py", line 16, in setUp
    self.driver = GetDriver().get_driver()
  File "D:\BaiduNetdiskDownload\软件测试全套课程\02-配套课件\阶段5：WEB自动化测试\代码\day10\base\get_driver.py", line 13, in get_driver
    cls.driver = webdriver.Firefox()
  File "C:\Python\Python36\lib\site-packages\selenium\webdriver\firefox\webdriver.py", line 164, in __init__
    self.service.start()
  File "C:\Python\Python36\lib\site-packages\selenium\webdriver\common\service.py", line 83, in start
    os.path.basename(self.path), self.start_error_message)
selenium.common.exceptions.WebDriverException: Message: 'geckodriver' executable needs to be in PATH. 



        </pre>
    </div>
    <!--css div popup end-->

    </td>
</tr>

<tr id='total_row'>
    <td>Total</td>
    <td>4</td>
    <td>0</td>
    <td>0</td>
    <td>4</td>
    <td>&nbsp;</td>
</tr>
</table>

<div id='ending'>&nbsp;</div>

</body>
</html>
